<?xml version="1.0" encoding="UTF-8"?>
<testsuite xmlns:xsi="http://www.w3.org/2001/XMLSchema-instance" xsi:noNamespaceSchemaLocation="https://maven.apache.org/surefire/maven-surefire-plugin/xsd/surefire-test-report-3.0.xsd" version="3.0" name="org.e2e.labe2e03.ride.infrastructure.RideRepositoryTest" time="0.258" tests="5" errors="0" skipped="0" failures="0">
  <properties>
    <property name="java.specification.version" value="22"/>
    <property name="sun.jnu.encoding" value="UTF-8"/>
    <property name="java.class.path" value="/Users/mateonoel/Desktop/lab-e2e-20241-03-mateo/target/test-classes:/Users/mateonoel/Desktop/lab-e2e-20241-03-mateo/target/classes:/Users/mateonoel/.m2/repository/org/springframework/boot/spring-boot-starter-data-jpa/3.2.5/spring-boot-starter-data-jpa-3.2.5.jar:/Users/mateonoel/.m2/repository/org/springframework/boot/spring-boot-starter-aop/3.2.5/spring-boot-starter-aop-3.2.5.jar:/Users/mateonoel/.m2/repository/org/springframework/spring-aop/6.1.6/spring-aop-6.1.6.jar:/Users/mateonoel/.m2/repository/org/aspectj/aspectjweaver/1.9.22/aspectjweaver-1.9.22.jar:/Users/mateonoel/.m2/repository/org/springframework/boot/spring-boot-starter-jdbc/3.2.5/spring-boot-starter-jdbc-3.2.5.jar:/Users/mateonoel/.m2/repository/com/zaxxer/HikariCP/5.0.1/HikariCP-5.0.1.jar:/Users/mateonoel/.m2/repository/org/springframework/spring-jdbc/6.1.6/spring-jdbc-6.1.6.jar:/Users/mateonoel/.m2/repository/org/hibernate/orm/hibernate-core/6.4.4.Final/hibernate-core-6.4.4.Final.jar:/Users/mateonoel/.m2/repository/jakarta/persistence/jakarta.persistence-api/3.1.0/jakarta.persistence-api-3.1.0.jar:/Users/mateonoel/.m2/repository/jakarta/transaction/jakarta.transaction-api/2.0.1/jakarta.transaction-api-2.0.1.jar:/Users/mateonoel/.m2/repository/org/hibernate/common/hibernate-commons-annotations/6.0.6.Final/hibernate-commons-annotations-6.0.6.Final.jar:/Users/mateonoel/.m2/repository/io/smallrye/jandex/3.1.2/jandex-3.1.2.jar:/Users/mateonoel/.m2/repository/org/glassfish/jaxb/jaxb-runtime/4.0.5/jaxb-runtime-4.0.5.jar:/Users/mateonoel/.m2/repository/org/glassfish/jaxb/jaxb-core/4.0.5/jaxb-core-4.0.5.jar:/Users/mateonoel/.m2/repository/org/glassfish/jaxb/txw2/4.0.5/txw2-4.0.5.jar:/Users/mateonoel/.m2/repository/com/sun/istack/istack-commons-runtime/4.1.2/istack-commons-runtime-4.1.2.jar:/Users/mateonoel/.m2/repository/jakarta/inject/jakarta.inject-api/2.0.1/jakarta.inject-api-2.0.1.jar:/Users/mateonoel/.m2/repository/org/antlr/antlr4-runtime/4.13.0/antlr4-runtime-4.13.0.jar:/Users/mateonoel/.m2/repository/org/springframework/data/spring-data-jpa/3.2.5/spring-data-jpa-3.2.5.jar:/Users/mateonoel/.m2/repository/org/springframework/data/spring-data-commons/3.2.5/spring-data-commons-3.2.5.jar:/Users/mateonoel/.m2/repository/org/springframework/spring-orm/6.1.6/spring-orm-6.1.6.jar:/Users/mateonoel/.m2/repository/org/springframework/spring-context/6.1.6/spring-context-6.1.6.jar:/Users/mateonoel/.m2/repository/org/springframework/spring-tx/6.1.6/spring-tx-6.1.6.jar:/Users/mateonoel/.m2/repository/org/springframework/spring-beans/6.1.6/spring-beans-6.1.6.jar:/Users/mateonoel/.m2/repository/jakarta/annotation/jakarta.annotation-api/2.1.1/jakarta.annotation-api-2.1.1.jar:/Users/mateonoel/.m2/repository/org/slf4j/slf4j-api/2.0.13/slf4j-api-2.0.13.jar:/Users/mateonoel/.m2/repository/org/springframework/spring-aspects/6.1.6/spring-aspects-6.1.6.jar:/Users/mateonoel/.m2/repository/org/springframework/boot/spring-boot-starter-web/3.2.5/spring-boot-starter-web-3.2.5.jar:/Users/mateonoel/.m2/repository/org/springframework/boot/spring-boot-starter/3.2.5/spring-boot-starter-3.2.5.jar:/Users/mateonoel/.m2/repository/org/springframework/boot/spring-boot/3.2.5/spring-boot-3.2.5.jar:/Users/mateonoel/.m2/repository/org/springframework/boot/spring-boot-starter-logging/3.2.5/spring-boot-starter-logging-3.2.5.jar:/Users/mateonoel/.m2/repository/ch/qos/logback/logback-classic/1.4.14/logback-classic-1.4.14.jar:/Users/mateonoel/.m2/repository/ch/qos/logback/logback-core/1.4.14/logback-core-1.4.14.jar:/Users/mateonoel/.m2/repository/org/apache/logging/log4j/log4j-to-slf4j/2.21.1/log4j-to-slf4j-2.21.1.jar:/Users/mateonoel/.m2/repository/org/apache/logging/log4j/log4j-api/2.21.1/log4j-api-2.21.1.jar:/Users/mateonoel/.m2/repository/org/slf4j/jul-to-slf4j/2.0.13/jul-to-slf4j-2.0.13.jar:/Users/mateonoel/.m2/repository/org/yaml/snakeyaml/2.2/snakeyaml-2.2.jar:/Users/mateonoel/.m2/repository/org/springframework/boot/spring-boot-starter-json/3.2.5/spring-boot-starter-json-3.2.5.jar:/Users/mateonoel/.m2/repository/com/fasterxml/jackson/core/jackson-databind/2.15.4/jackson-databind-2.15.4.jar:/Users/mateonoel/.m2/repository/com/fasterxml/jackson/core/jackson-annotations/2.15.4/jackson-annotations-2.15.4.jar:/Users/mateonoel/.m2/repository/com/fasterxml/jackson/core/jackson-core/2.15.4/jackson-core-2.15.4.jar:/Users/mateonoel/.m2/repository/com/fasterxml/jackson/datatype/jackson-datatype-jdk8/2.15.4/jackson-datatype-jdk8-2.15.4.jar:/Users/mateonoel/.m2/repository/com/fasterxml/jackson/datatype/jackson-datatype-jsr310/2.15.4/jackson-datatype-jsr310-2.15.4.jar:/Users/mateonoel/.m2/repository/com/fasterxml/jackson/module/jackson-module-parameter-names/2.15.4/jackson-module-parameter-names-2.15.4.jar:/Users/mateonoel/.m2/repository/org/springframework/boot/spring-boot-starter-tomcat/3.2.5/spring-boot-starter-tomcat-3.2.5.jar:/Users/mateonoel/.m2/repository/org/apache/tomcat/embed/tomcat-embed-core/10.1.20/tomcat-embed-core-10.1.20.jar:/Users/mateonoel/.m2/repository/org/apache/tomcat/embed/tomcat-embed-websocket/10.1.20/tomcat-embed-websocket-10.1.20.jar:/Users/mateonoel/.m2/repository/org/springframework/spring-web/6.1.6/spring-web-6.1.6.jar:/Users/mateonoel/.m2/repository/io/micrometer/micrometer-observation/1.12.5/micrometer-observation-1.12.5.jar:/Users/mateonoel/.m2/repository/io/micrometer/micrometer-commons/1.12.5/micrometer-commons-1.12.5.jar:/Users/mateonoel/.m2/repository/org/springframework/spring-webmvc/6.1.6/spring-webmvc-6.1.6.jar:/Users/mateonoel/.m2/repository/org/springframework/spring-expression/6.1.6/spring-expression-6.1.6.jar:/Users/mateonoel/.m2/repository/org/mockito/mockito-core/5.11.0/mockito-core-5.11.0.jar:/Users/mateonoel/.m2/repository/net/bytebuddy/byte-buddy/1.14.13/byte-buddy-1.14.13.jar:/Users/mateonoel/.m2/repository/net/bytebuddy/byte-buddy-agent/1.14.13/byte-buddy-agent-1.14.13.jar:/Users/mateonoel/.m2/repository/org/objenesis/objenesis/3.3/objenesis-3.3.jar:/Users/mateonoel/.m2/repository/org/postgresql/postgresql/42.6.2/postgresql-42.6.2.jar:/Users/mateonoel/.m2/repository/org/checkerframework/checker-qual/3.31.0/checker-qual-3.31.0.jar:/Users/mateonoel/.m2/repository/org/springframework/boot/spring-boot-starter-mail/3.2.5/spring-boot-starter-mail-3.2.5.jar:/Users/mateonoel/.m2/repository/org/springframework/spring-context-support/6.1.6/spring-context-support-6.1.6.jar:/Users/mateonoel/.m2/repository/org/eclipse/angus/jakarta.mail/2.0.3/jakarta.mail-2.0.3.jar:/Users/mateonoel/.m2/repository/jakarta/activation/jakarta.activation-api/2.1.3/jakarta.activation-api-2.1.3.jar:/Users/mateonoel/.m2/repository/org/eclipse/angus/angus-activation/2.0.2/angus-activation-2.0.2.jar:/Users/mateonoel/.m2/repository/org/springframework/boot/spring-boot-starter-thymeleaf/3.2.5/spring-boot-starter-thymeleaf-3.2.5.jar:/Users/mateonoel/.m2/repository/org/thymeleaf/thymeleaf-spring6/3.1.2.RELEASE/thymeleaf-spring6-3.1.2.RELEASE.jar:/Users/mateonoel/.m2/repository/org/thymeleaf/thymeleaf/3.1.2.RELEASE/thymeleaf-3.1.2.RELEASE.jar:/Users/mateonoel/.m2/repository/org/attoparser/attoparser/2.0.7.RELEASE/attoparser-2.0.7.RELEASE.jar:/Users/mateonoel/.m2/repository/org/unbescape/unbescape/1.1.6.RELEASE/unbescape-1.1.6.RELEASE.jar:/Users/mateonoel/.m2/repository/com/sun/mail/jakarta.mail/1.6.3/jakarta.mail-1.6.3.jar:/Users/mateonoel/.m2/repository/com/sun/activation/jakarta.activation/1.2.1/jakarta.activation-1.2.1.jar:/Users/mateonoel/.m2/repository/org/projectlombok/lombok/1.18.32/lombok-1.18.32.jar:/Users/mateonoel/.m2/repository/org/springframework/boot/spring-boot-starter-test/3.2.5/spring-boot-starter-test-3.2.5.jar:/Users/mateonoel/.m2/repository/org/springframework/boot/spring-boot-test/3.2.5/spring-boot-test-3.2.5.jar:/Users/mateonoel/.m2/repository/org/springframework/boot/spring-boot-test-autoconfigure/3.2.5/spring-boot-test-autoconfigure-3.2.5.jar:/Users/mateonoel/.m2/repository/com/jayway/jsonpath/json-path/2.9.0/json-path-2.9.0.jar:/Users/mateonoel/.m2/repository/jakarta/xml/bind/jakarta.xml.bind-api/4.0.2/jakarta.xml.bind-api-4.0.2.jar:/Users/mateonoel/.m2/repository/net/minidev/json-smart/2.5.1/json-smart-2.5.1.jar:/Users/mateonoel/.m2/repository/net/minidev/accessors-smart/2.5.1/accessors-smart-2.5.1.jar:/Users/mateonoel/.m2/repository/org/ow2/asm/asm/9.6/asm-9.6.jar:/Users/mateonoel/.m2/repository/org/assertj/assertj-core/3.24.2/assertj-core-3.24.2.jar:/Users/mateonoel/.m2/repository/org/awaitility/awaitility/4.2.1/awaitility-4.2.1.jar:/Users/mateonoel/.m2/repository/org/hamcrest/hamcrest/2.2/hamcrest-2.2.jar:/Users/mateonoel/.m2/repository/org/junit/jupiter/junit-jupiter/5.10.2/junit-jupiter-5.10.2.jar:/Users/mateonoel/.m2/repository/org/junit/jupiter/junit-jupiter-api/5.10.2/junit-jupiter-api-5.10.2.jar:/Users/mateonoel/.m2/repository/org/opentest4j/opentest4j/1.3.0/opentest4j-1.3.0.jar:/Users/mateonoel/.m2/repository/org/junit/platform/junit-platform-commons/1.10.2/junit-platform-commons-1.10.2.jar:/Users/mateonoel/.m2/repository/org/apiguardian/apiguardian-api/1.1.2/apiguardian-api-1.1.2.jar:/Users/mateonoel/.m2/repository/org/junit/jupiter/junit-jupiter-params/5.10.2/junit-jupiter-params-5.10.2.jar:/Users/mateonoel/.m2/repository/org/junit/jupiter/junit-jupiter-engine/5.10.2/junit-jupiter-engine-5.10.2.jar:/Users/mateonoel/.m2/repository/org/junit/platform/junit-platform-engine/1.10.2/junit-platform-engine-1.10.2.jar:/Users/mateonoel/.m2/repository/org/mockito/mockito-junit-jupiter/5.7.0/mockito-junit-jupiter-5.7.0.jar:/Users/mateonoel/.m2/repository/org/skyscreamer/jsonassert/1.5.1/jsonassert-1.5.1.jar:/Users/mateonoel/.m2/repository/com/vaadin/external/google/android-json/0.0.20131108.vaadin1/android-json-0.0.20131108.vaadin1.jar:/Users/mateonoel/.m2/repository/org/springframework/spring-core/6.1.6/spring-core-6.1.6.jar:/Users/mateonoel/.m2/repository/org/springframework/spring-jcl/6.1.6/spring-jcl-6.1.6.jar:/Users/mateonoel/.m2/repository/org/springframework/spring-test/6.1.6/spring-test-6.1.6.jar:/Users/mateonoel/.m2/repository/org/xmlunit/xmlunit-core/2.9.1/xmlunit-core-2.9.1.jar:/Users/mateonoel/.m2/repository/org/springframework/boot/spring-boot-testcontainers/3.2.5/spring-boot-testcontainers-3.2.5.jar:/Users/mateonoel/.m2/repository/org/springframework/boot/spring-boot-autoconfigure/3.2.5/spring-boot-autoconfigure-3.2.5.jar:/Users/mateonoel/.m2/repository/org/testcontainers/testcontainers/1.19.7/testcontainers-1.19.7.jar:/Users/mateonoel/.m2/repository/junit/junit/4.13.2/junit-4.13.2.jar:/Users/mateonoel/.m2/repository/org/hamcrest/hamcrest-core/2.2/hamcrest-core-2.2.jar:/Users/mateonoel/.m2/repository/org/apache/commons/commons-compress/1.24.0/commons-compress-1.24.0.jar:/Users/mateonoel/.m2/repository/org/rnorth/duct-tape/duct-tape/1.0.8/duct-tape-1.0.8.jar:/Users/mateonoel/.m2/repository/org/jetbrains/annotations/17.0.0/annotations-17.0.0.jar:/Users/mateonoel/.m2/repository/com/github/docker-java/docker-java-api/3.3.6/docker-java-api-3.3.6.jar:/Users/mateonoel/.m2/repository/com/github/docker-java/docker-java-transport-zerodep/3.3.6/docker-java-transport-zerodep-3.3.6.jar:/Users/mateonoel/.m2/repository/com/github/docker-java/docker-java-transport/3.3.6/docker-java-transport-3.3.6.jar:/Users/mateonoel/.m2/repository/net/java/dev/jna/jna/5.13.0/jna-5.13.0.jar:/Users/mateonoel/.m2/repository/org/testcontainers/junit-jupiter/1.19.7/junit-jupiter-1.19.7.jar:/Users/mateonoel/.m2/repository/org/testcontainers/postgresql/1.19.7/postgresql-1.19.7.jar:/Users/mateonoel/.m2/repository/org/testcontainers/jdbc/1.19.7/jdbc-1.19.7.jar:/Users/mateonoel/.m2/repository/org/testcontainers/database-commons/1.19.7/database-commons-1.19.7.jar:/Users/mateonoel/.m2/repository/com/h2database/h2/2.2.224/h2-2.2.224.jar:/Users/mateonoel/.m2/repository/org/modelmapper/modelmapper/3.0.0/modelmapper-3.0.0.jar:/Users/mateonoel/.m2/repository/org/hibernate/validator/hibernate-validator/8.0.0.Final/hibernate-validator-8.0.0.Final.jar:/Users/mateonoel/.m2/repository/jakarta/validation/jakarta.validation-api/3.0.2/jakarta.validation-api-3.0.2.jar:/Users/mateonoel/.m2/repository/org/jboss/logging/jboss-logging/3.5.3.Final/jboss-logging-3.5.3.Final.jar:/Users/mateonoel/.m2/repository/com/fasterxml/classmate/1.6.0/classmate-1.6.0.jar:/Users/mateonoel/.m2/repository/org/springframework/boot/spring-boot-starter-validation/3.2.5/spring-boot-starter-validation-3.2.5.jar:/Users/mateonoel/.m2/repository/org/apache/tomcat/embed/tomcat-embed-el/10.1.20/tomcat-embed-el-10.1.20.jar:"/>
    <property name="java.vm.vendor" value="Oracle Corporation"/>
    <property name="sun.arch.data.model" value="64"/>
    <property name="java.vendor.url" value="https://java.oracle.com/"/>
    <property name="user.timezone" value="America/Lima"/>
    <property name="org.jboss.logging.provider" value="slf4j"/>
    <property name="os.name" value="Mac OS X"/>
    <property name="java.vm.specification.version" value="22"/>
    <property name="sun.java.launcher" value="SUN_STANDARD"/>
    <property name="user.country" value="PE"/>
    <property name="sun.boot.library.path" value="/Users/mateonoel/Library/Java/JavaVirtualMachines/openjdk-22.0.1/Contents/Home/lib"/>
    <property name="sun.java.command" value="/Users/mateonoel/Desktop/lab-e2e-20241-03-mateo/target/surefire/surefirebooter-20240507141844318_3.jar /Users/mateonoel/Desktop/lab-e2e-20241-03-mateo/target/surefire 2024-05-07T14-18-44_286-jvmRun1 surefire-20240507141844318_1tmp surefire_0-20240507141844318_2tmp"/>
    <property name="http.nonProxyHosts" value="local|*.local|169.254/16|*.169.254/16"/>
    <property name="jdk.debug" value="release"/>
    <property name="surefire.test.class.path" value="/Users/mateonoel/Desktop/lab-e2e-20241-03-mateo/target/test-classes:/Users/mateonoel/Desktop/lab-e2e-20241-03-mateo/target/classes:/Users/mateonoel/.m2/repository/org/springframework/boot/spring-boot-starter-data-jpa/3.2.5/spring-boot-starter-data-jpa-3.2.5.jar:/Users/mateonoel/.m2/repository/org/springframework/boot/spring-boot-starter-aop/3.2.5/spring-boot-starter-aop-3.2.5.jar:/Users/mateonoel/.m2/repository/org/springframework/spring-aop/6.1.6/spring-aop-6.1.6.jar:/Users/mateonoel/.m2/repository/org/aspectj/aspectjweaver/1.9.22/aspectjweaver-1.9.22.jar:/Users/mateonoel/.m2/repository/org/springframework/boot/spring-boot-starter-jdbc/3.2.5/spring-boot-starter-jdbc-3.2.5.jar:/Users/mateonoel/.m2/repository/com/zaxxer/HikariCP/5.0.1/HikariCP-5.0.1.jar:/Users/mateonoel/.m2/repository/org/springframework/spring-jdbc/6.1.6/spring-jdbc-6.1.6.jar:/Users/mateonoel/.m2/repository/org/hibernate/orm/hibernate-core/6.4.4.Final/hibernate-core-6.4.4.Final.jar:/Users/mateonoel/.m2/repository/jakarta/persistence/jakarta.persistence-api/3.1.0/jakarta.persistence-api-3.1.0.jar:/Users/mateonoel/.m2/repository/jakarta/transaction/jakarta.transaction-api/2.0.1/jakarta.transaction-api-2.0.1.jar:/Users/mateonoel/.m2/repository/org/hibernate/common/hibernate-commons-annotations/6.0.6.Final/hibernate-commons-annotations-6.0.6.Final.jar:/Users/mateonoel/.m2/repository/io/smallrye/jandex/3.1.2/jandex-3.1.2.jar:/Users/mateonoel/.m2/repository/org/glassfish/jaxb/jaxb-runtime/4.0.5/jaxb-runtime-4.0.5.jar:/Users/mateonoel/.m2/repository/org/glassfish/jaxb/jaxb-core/4.0.5/jaxb-core-4.0.5.jar:/Users/mateonoel/.m2/repository/org/glassfish/jaxb/txw2/4.0.5/txw2-4.0.5.jar:/Users/mateonoel/.m2/repository/com/sun/istack/istack-commons-runtime/4.1.2/istack-commons-runtime-4.1.2.jar:/Users/mateonoel/.m2/repository/jakarta/inject/jakarta.inject-api/2.0.1/jakarta.inject-api-2.0.1.jar:/Users/mateonoel/.m2/repository/org/antlr/antlr4-runtime/4.13.0/antlr4-runtime-4.13.0.jar:/Users/mateonoel/.m2/repository/org/springframework/data/spring-data-jpa/3.2.5/spring-data-jpa-3.2.5.jar:/Users/mateonoel/.m2/repository/org/springframework/data/spring-data-commons/3.2.5/spring-data-commons-3.2.5.jar:/Users/mateonoel/.m2/repository/org/springframework/spring-orm/6.1.6/spring-orm-6.1.6.jar:/Users/mateonoel/.m2/repository/org/springframework/spring-context/6.1.6/spring-context-6.1.6.jar:/Users/mateonoel/.m2/repository/org/springframework/spring-tx/6.1.6/spring-tx-6.1.6.jar:/Users/mateonoel/.m2/repository/org/springframework/spring-beans/6.1.6/spring-beans-6.1.6.jar:/Users/mateonoel/.m2/repository/jakarta/annotation/jakarta.annotation-api/2.1.1/jakarta.annotation-api-2.1.1.jar:/Users/mateonoel/.m2/repository/org/slf4j/slf4j-api/2.0.13/slf4j-api-2.0.13.jar:/Users/mateonoel/.m2/repository/org/springframework/spring-aspects/6.1.6/spring-aspects-6.1.6.jar:/Users/mateonoel/.m2/repository/org/springframework/boot/spring-boot-starter-web/3.2.5/spring-boot-starter-web-3.2.5.jar:/Users/mateonoel/.m2/repository/org/springframework/boot/spring-boot-starter/3.2.5/spring-boot-starter-3.2.5.jar:/Users/mateonoel/.m2/repository/org/springframework/boot/spring-boot/3.2.5/spring-boot-3.2.5.jar:/Users/mateonoel/.m2/repository/org/springframework/boot/spring-boot-starter-logging/3.2.5/spring-boot-starter-logging-3.2.5.jar:/Users/mateonoel/.m2/repository/ch/qos/logback/logback-classic/1.4.14/logback-classic-1.4.14.jar:/Users/mateonoel/.m2/repository/ch/qos/logback/logback-core/1.4.14/logback-core-1.4.14.jar:/Users/mateonoel/.m2/repository/org/apache/logging/log4j/log4j-to-slf4j/2.21.1/log4j-to-slf4j-2.21.1.jar:/Users/mateonoel/.m2/repository/org/apache/logging/log4j/log4j-api/2.21.1/log4j-api-2.21.1.jar:/Users/mateonoel/.m2/repository/org/slf4j/jul-to-slf4j/2.0.13/jul-to-slf4j-2.0.13.jar:/Users/mateonoel/.m2/repository/org/yaml/snakeyaml/2.2/snakeyaml-2.2.jar:/Users/mateonoel/.m2/repository/org/springframework/boot/spring-boot-starter-json/3.2.5/spring-boot-starter-json-3.2.5.jar:/Users/mateonoel/.m2/repository/com/fasterxml/jackson/core/jackson-databind/2.15.4/jackson-databind-2.15.4.jar:/Users/mateonoel/.m2/repository/com/fasterxml/jackson/core/jackson-annotations/2.15.4/jackson-annotations-2.15.4.jar:/Users/mateonoel/.m2/repository/com/fasterxml/jackson/core/jackson-core/2.15.4/jackson-core-2.15.4.jar:/Users/mateonoel/.m2/repository/com/fasterxml/jackson/datatype/jackson-datatype-jdk8/2.15.4/jackson-datatype-jdk8-2.15.4.jar:/Users/mateonoel/.m2/repository/com/fasterxml/jackson/datatype/jackson-datatype-jsr310/2.15.4/jackson-datatype-jsr310-2.15.4.jar:/Users/mateonoel/.m2/repository/com/fasterxml/jackson/module/jackson-module-parameter-names/2.15.4/jackson-module-parameter-names-2.15.4.jar:/Users/mateonoel/.m2/repository/org/springframework/boot/spring-boot-starter-tomcat/3.2.5/spring-boot-starter-tomcat-3.2.5.jar:/Users/mateonoel/.m2/repository/org/apache/tomcat/embed/tomcat-embed-core/10.1.20/tomcat-embed-core-10.1.20.jar:/Users/mateonoel/.m2/repository/org/apache/tomcat/embed/tomcat-embed-websocket/10.1.20/tomcat-embed-websocket-10.1.20.jar:/Users/mateonoel/.m2/repository/org/springframework/spring-web/6.1.6/spring-web-6.1.6.jar:/Users/mateonoel/.m2/repository/io/micrometer/micrometer-observation/1.12.5/micrometer-observation-1.12.5.jar:/Users/mateonoel/.m2/repository/io/micrometer/micrometer-commons/1.12.5/micrometer-commons-1.12.5.jar:/Users/mateonoel/.m2/repository/org/springframework/spring-webmvc/6.1.6/spring-webmvc-6.1.6.jar:/Users/mateonoel/.m2/repository/org/springframework/spring-expression/6.1.6/spring-expression-6.1.6.jar:/Users/mateonoel/.m2/repository/org/mockito/mockito-core/5.11.0/mockito-core-5.11.0.jar:/Users/mateonoel/.m2/repository/net/bytebuddy/byte-buddy/1.14.13/byte-buddy-1.14.13.jar:/Users/mateonoel/.m2/repository/net/bytebuddy/byte-buddy-agent/1.14.13/byte-buddy-agent-1.14.13.jar:/Users/mateonoel/.m2/repository/org/objenesis/objenesis/3.3/objenesis-3.3.jar:/Users/mateonoel/.m2/repository/org/postgresql/postgresql/42.6.2/postgresql-42.6.2.jar:/Users/mateonoel/.m2/repository/org/checkerframework/checker-qual/3.31.0/checker-qual-3.31.0.jar:/Users/mateonoel/.m2/repository/org/springframework/boot/spring-boot-starter-mail/3.2.5/spring-boot-starter-mail-3.2.5.jar:/Users/mateonoel/.m2/repository/org/springframework/spring-context-support/6.1.6/spring-context-support-6.1.6.jar:/Users/mateonoel/.m2/repository/org/eclipse/angus/jakarta.mail/2.0.3/jakarta.mail-2.0.3.jar:/Users/mateonoel/.m2/repository/jakarta/activation/jakarta.activation-api/2.1.3/jakarta.activation-api-2.1.3.jar:/Users/mateonoel/.m2/repository/org/eclipse/angus/angus-activation/2.0.2/angus-activation-2.0.2.jar:/Users/mateonoel/.m2/repository/org/springframework/boot/spring-boot-starter-thymeleaf/3.2.5/spring-boot-starter-thymeleaf-3.2.5.jar:/Users/mateonoel/.m2/repository/org/thymeleaf/thymeleaf-spring6/3.1.2.RELEASE/thymeleaf-spring6-3.1.2.RELEASE.jar:/Users/mateonoel/.m2/repository/org/thymeleaf/thymeleaf/3.1.2.RELEASE/thymeleaf-3.1.2.RELEASE.jar:/Users/mateonoel/.m2/repository/org/attoparser/attoparser/2.0.7.RELEASE/attoparser-2.0.7.RELEASE.jar:/Users/mateonoel/.m2/repository/org/unbescape/unbescape/1.1.6.RELEASE/unbescape-1.1.6.RELEASE.jar:/Users/mateonoel/.m2/repository/com/sun/mail/jakarta.mail/1.6.3/jakarta.mail-1.6.3.jar:/Users/mateonoel/.m2/repository/com/sun/activation/jakarta.activation/1.2.1/jakarta.activation-1.2.1.jar:/Users/mateonoel/.m2/repository/org/projectlombok/lombok/1.18.32/lombok-1.18.32.jar:/Users/mateonoel/.m2/repository/org/springframework/boot/spring-boot-starter-test/3.2.5/spring-boot-starter-test-3.2.5.jar:/Users/mateonoel/.m2/repository/org/springframework/boot/spring-boot-test/3.2.5/spring-boot-test-3.2.5.jar:/Users/mateonoel/.m2/repository/org/springframework/boot/spring-boot-test-autoconfigure/3.2.5/spring-boot-test-autoconfigure-3.2.5.jar:/Users/mateonoel/.m2/repository/com/jayway/jsonpath/json-path/2.9.0/json-path-2.9.0.jar:/Users/mateonoel/.m2/repository/jakarta/xml/bind/jakarta.xml.bind-api/4.0.2/jakarta.xml.bind-api-4.0.2.jar:/Users/mateonoel/.m2/repository/net/minidev/json-smart/2.5.1/json-smart-2.5.1.jar:/Users/mateonoel/.m2/repository/net/minidev/accessors-smart/2.5.1/accessors-smart-2.5.1.jar:/Users/mateonoel/.m2/repository/org/ow2/asm/asm/9.6/asm-9.6.jar:/Users/mateonoel/.m2/repository/org/assertj/assertj-core/3.24.2/assertj-core-3.24.2.jar:/Users/mateonoel/.m2/repository/org/awaitility/awaitility/4.2.1/awaitility-4.2.1.jar:/Users/mateonoel/.m2/repository/org/hamcrest/hamcrest/2.2/hamcrest-2.2.jar:/Users/mateonoel/.m2/repository/org/junit/jupiter/junit-jupiter/5.10.2/junit-jupiter-5.10.2.jar:/Users/mateonoel/.m2/repository/org/junit/jupiter/junit-jupiter-api/5.10.2/junit-jupiter-api-5.10.2.jar:/Users/mateonoel/.m2/repository/org/opentest4j/opentest4j/1.3.0/opentest4j-1.3.0.jar:/Users/mateonoel/.m2/repository/org/junit/platform/junit-platform-commons/1.10.2/junit-platform-commons-1.10.2.jar:/Users/mateonoel/.m2/repository/org/apiguardian/apiguardian-api/1.1.2/apiguardian-api-1.1.2.jar:/Users/mateonoel/.m2/repository/org/junit/jupiter/junit-jupiter-params/5.10.2/junit-jupiter-params-5.10.2.jar:/Users/mateonoel/.m2/repository/org/junit/jupiter/junit-jupiter-engine/5.10.2/junit-jupiter-engine-5.10.2.jar:/Users/mateonoel/.m2/repository/org/junit/platform/junit-platform-engine/1.10.2/junit-platform-engine-1.10.2.jar:/Users/mateonoel/.m2/repository/org/mockito/mockito-junit-jupiter/5.7.0/mockito-junit-jupiter-5.7.0.jar:/Users/mateonoel/.m2/repository/org/skyscreamer/jsonassert/1.5.1/jsonassert-1.5.1.jar:/Users/mateonoel/.m2/repository/com/vaadin/external/google/android-json/0.0.20131108.vaadin1/android-json-0.0.20131108.vaadin1.jar:/Users/mateonoel/.m2/repository/org/springframework/spring-core/6.1.6/spring-core-6.1.6.jar:/Users/mateonoel/.m2/repository/org/springframework/spring-jcl/6.1.6/spring-jcl-6.1.6.jar:/Users/mateonoel/.m2/repository/org/springframework/spring-test/6.1.6/spring-test-6.1.6.jar:/Users/mateonoel/.m2/repository/org/xmlunit/xmlunit-core/2.9.1/xmlunit-core-2.9.1.jar:/Users/mateonoel/.m2/repository/org/springframework/boot/spring-boot-testcontainers/3.2.5/spring-boot-testcontainers-3.2.5.jar:/Users/mateonoel/.m2/repository/org/springframework/boot/spring-boot-autoconfigure/3.2.5/spring-boot-autoconfigure-3.2.5.jar:/Users/mateonoel/.m2/repository/org/testcontainers/testcontainers/1.19.7/testcontainers-1.19.7.jar:/Users/mateonoel/.m2/repository/junit/junit/4.13.2/junit-4.13.2.jar:/Users/mateonoel/.m2/repository/org/hamcrest/hamcrest-core/2.2/hamcrest-core-2.2.jar:/Users/mateonoel/.m2/repository/org/apache/commons/commons-compress/1.24.0/commons-compress-1.24.0.jar:/Users/mateonoel/.m2/repository/org/rnorth/duct-tape/duct-tape/1.0.8/duct-tape-1.0.8.jar:/Users/mateonoel/.m2/repository/org/jetbrains/annotations/17.0.0/annotations-17.0.0.jar:/Users/mateonoel/.m2/repository/com/github/docker-java/docker-java-api/3.3.6/docker-java-api-3.3.6.jar:/Users/mateonoel/.m2/repository/com/github/docker-java/docker-java-transport-zerodep/3.3.6/docker-java-transport-zerodep-3.3.6.jar:/Users/mateonoel/.m2/repository/com/github/docker-java/docker-java-transport/3.3.6/docker-java-transport-3.3.6.jar:/Users/mateonoel/.m2/repository/net/java/dev/jna/jna/5.13.0/jna-5.13.0.jar:/Users/mateonoel/.m2/repository/org/testcontainers/junit-jupiter/1.19.7/junit-jupiter-1.19.7.jar:/Users/mateonoel/.m2/repository/org/testcontainers/postgresql/1.19.7/postgresql-1.19.7.jar:/Users/mateonoel/.m2/repository/org/testcontainers/jdbc/1.19.7/jdbc-1.19.7.jar:/Users/mateonoel/.m2/repository/org/testcontainers/database-commons/1.19.7/database-commons-1.19.7.jar:/Users/mateonoel/.m2/repository/com/h2database/h2/2.2.224/h2-2.2.224.jar:/Users/mateonoel/.m2/repository/org/modelmapper/modelmapper/3.0.0/modelmapper-3.0.0.jar:/Users/mateonoel/.m2/repository/org/hibernate/validator/hibernate-validator/8.0.0.Final/hibernate-validator-8.0.0.Final.jar:/Users/mateonoel/.m2/repository/jakarta/validation/jakarta.validation-api/3.0.2/jakarta.validation-api-3.0.2.jar:/Users/mateonoel/.m2/repository/org/jboss/logging/jboss-logging/3.5.3.Final/jboss-logging-3.5.3.Final.jar:/Users/mateonoel/.m2/repository/com/fasterxml/classmate/1.6.0/classmate-1.6.0.jar:/Users/mateonoel/.m2/repository/org/springframework/boot/spring-boot-starter-validation/3.2.5/spring-boot-starter-validation-3.2.5.jar:/Users/mateonoel/.m2/repository/org/apache/tomcat/embed/tomcat-embed-el/10.1.20/tomcat-embed-el-10.1.20.jar:"/>
    <property name="sun.cpu.endian" value="little"/>
    <property name="user.home" value="/Users/mateonoel"/>
    <property name="user.language" value="en"/>
    <property name="java.specification.vendor" value="Oracle Corporation"/>
    <property name="java.version.date" value="2024-04-16"/>
    <property name="java.home" value="/Users/mateonoel/Library/Java/JavaVirtualMachines/openjdk-22.0.1/Contents/Home"/>
    <property name="file.separator" value="/"/>
    <property name="basedir" value="/Users/mateonoel/Desktop/lab-e2e-20241-03-mateo"/>
    <property name="java.vm.compressedOopsMode" value="Zero based"/>
    <property name="line.separator" value="&#10;"/>
    <property name="java.vm.specification.vendor" value="Oracle Corporation"/>
    <property name="java.specification.name" value="Java Platform API Specification"/>
    <property name="FILE_LOG_CHARSET" value="UTF-8"/>
    <property name="java.awt.headless" value="true"/>
    <property name="apple.awt.application.name" value="ForkedBooter"/>
    <property name="surefire.real.class.path" value="/Users/mateonoel/Desktop/lab-e2e-20241-03-mateo/target/surefire/surefirebooter-20240507141844318_3.jar"/>
    <property name="sun.management.compiler" value="HotSpot 64-Bit Tiered Compilers"/>
    <property name="ftp.nonProxyHosts" value="local|*.local|169.254/16|*.169.254/16"/>
    <property name="java.runtime.version" value="22.0.1+8-16"/>
    <property name="user.name" value="mateonoel"/>
    <property name="stdout.encoding" value="UTF-8"/>
    <property name="path.separator" value=":"/>
    <property name="os.version" value="14.4.1"/>
    <property name="java.runtime.name" value="OpenJDK Runtime Environment"/>
    <property name="file.encoding" value="UTF-8"/>
    <property name="java.vm.name" value="OpenJDK 64-Bit Server VM"/>
    <property name="localRepository" value="/Users/mateonoel/.m2/repository"/>
    <property name="java.vendor.url.bug" value="https://bugreport.java.com/bugreport/"/>
    <property name="java.io.tmpdir" value="/var/folders/k2/n_kxqnnd0vz7prgkt0n5qk_m0000gn/T/"/>
    <property name="com.zaxxer.hikari.pool_number" value="1"/>
    <property name="java.version" value="22.0.1"/>
    <property name="user.dir" value="/Users/mateonoel/Desktop/lab-e2e-20241-03-mateo"/>
    <property name="os.arch" value="aarch64"/>
    <property name="java.vm.specification.name" value="Java Virtual Machine Specification"/>
    <property name="PID" value="97755"/>
    <property name="CONSOLE_LOG_CHARSET" value="UTF-8"/>
    <property name="native.encoding" value="UTF-8"/>
    <property name="java.library.path" value="/Users/mateonoel/Library/Java/Extensions:/Library/Java/Extensions:/Network/Library/Java/Extensions:/System/Library/Java/Extensions:/usr/lib/java:."/>
    <property name="java.vm.info" value="mixed mode, sharing"/>
    <property name="stderr.encoding" value="UTF-8"/>
    <property name="java.vendor" value="Oracle Corporation"/>
    <property name="java.vm.version" value="22.0.1+8-16"/>
    <property name="sun.io.unicode.encoding" value="UnicodeBig"/>
    <property name="socksNonProxyHosts" value="local|*.local|169.254/16|*.169.254/16"/>
    <property name="java.class.version" value="66.0"/>
    <property name="LOGGED_APPLICATION_NAME" value="[lab-e2e-03] "/>
  </properties>
  <testcase name="testFindAllByPassengerIdAndStatus" classname="org.e2e.labe2e03.ride.infrastructure.RideRepositoryTest" time="0.01">
    <system-out><![CDATA[&amp#27;[2m2024-05-07T14:18:46.752-05:00&amp#27;[0;39m &amp#27;[32m INFO&amp#27;[0;39m &amp#27;[35m97755&amp#27;[0;39m &amp#27;[2m---&amp#27;[0;39m &amp#27;[2m[lab-e2e-03] [           main]&amp#27;[0;39m &amp#27;[2m&amp#27;[0;39m&amp#27;[36mt.c.s.AnnotationConfigContextLoaderUtils&amp#27;[0;39m &amp#27;[2m:&amp#27;[0;39m Could not detect default configuration classes for test class [org.e2e.labe2e03.ride.infrastructure.RideRepositoryTest]: RideRepositoryTest does not declare any static, non-private, non-final, nested classes annotated with @Configuration.
&amp#27;[2m2024-05-07T14:18:46.761-05:00&amp#27;[0;39m &amp#27;[32m INFO&amp#27;[0;39m &amp#27;[35m97755&amp#27;[0;39m &amp#27;[2m---&amp#27;[0;39m &amp#27;[2m[lab-e2e-03] [           main]&amp#27;[0;39m &amp#27;[2m&amp#27;[0;39m&amp#27;[36m.b.t.c.SpringBootTestContextBootstrapper&amp#27;[0;39m &amp#27;[2m:&amp#27;[0;39m Found @SpringBootConfiguration org.e2e.labe2e03.LabE2e03Application for test class org.e2e.labe2e03.ride.infrastructure.RideRepositoryTest

  .   ____          _            __ _ _
 /\\ / ___'_ __ _ _(_)_ __  __ _ \ \ \ \
( ( )\___ | '_ | '_| | '_ \/ _` | \ \ \ \
 \\/  ___)| |_)| | | | | || (_| |  ) ) ) )
  '  |____| .__|_| |_|_| |_\__, | / / / /
 =========|_|==============|___/=/_/_/_/
&amp#27;[32m :: Spring Boot :: &amp#27;[39m              &amp#27;[2m (v3.2.5)&amp#27;[0;39m

&amp#27;[2m2024-05-07T14:18:46.774-05:00&amp#27;[0;39m &amp#27;[32m INFO&amp#27;[0;39m &amp#27;[35m97755&amp#27;[0;39m &amp#27;[2m---&amp#27;[0;39m &amp#27;[2m[lab-e2e-03] [           main]&amp#27;[0;39m &amp#27;[2m&amp#27;[0;39m&amp#27;[36mo.e.l.r.i.RideRepositoryTest            &amp#27;[0;39m &amp#27;[2m:&amp#27;[0;39m Starting RideRepositoryTest using Java 22.0.1 with PID 97755 (started by mateonoel in /Users/mateonoel/Desktop/lab-e2e-20241-03-mateo)
&amp#27;[2m2024-05-07T14:18:46.774-05:00&amp#27;[0;39m &amp#27;[32m INFO&amp#27;[0;39m &amp#27;[35m97755&amp#27;[0;39m &amp#27;[2m---&amp#27;[0;39m &amp#27;[2m[lab-e2e-03] [           main]&amp#27;[0;39m &amp#27;[2m&amp#27;[0;39m&amp#27;[36mo.e.l.r.i.RideRepositoryTest            &amp#27;[0;39m &amp#27;[2m:&amp#27;[0;39m No active profile set, falling back to 1 default profile: "default"
&amp#27;[2m2024-05-07T14:18:46.805-05:00&amp#27;[0;39m &amp#27;[32m INFO&amp#27;[0;39m &amp#27;[35m97755&amp#27;[0;39m &amp#27;[2m---&amp#27;[0;39m &amp#27;[2m[lab-e2e-03] [           main]&amp#27;[0;39m &amp#27;[2m&amp#27;[0;39m&amp#27;[36m.s.d.r.c.RepositoryConfigurationDelegate&amp#27;[0;39m &amp#27;[2m:&amp#27;[0;39m Bootstrapping Spring Data JPA repositories in DEFAULT mode.
&amp#27;[2m2024-05-07T14:18:46.810-05:00&amp#27;[0;39m &amp#27;[32m INFO&amp#27;[0;39m &amp#27;[35m97755&amp#27;[0;39m &amp#27;[2m---&amp#27;[0;39m &amp#27;[2m[lab-e2e-03] [           main]&amp#27;[0;39m &amp#27;[2m&amp#27;[0;39m&amp#27;[36m.s.d.r.c.RepositoryConfigurationDelegate&amp#27;[0;39m &amp#27;[2m:&amp#27;[0;39m Finished Spring Data repository scanning in 4 ms. Found 7 JPA repository interfaces.
&amp#27;[2m2024-05-07T14:18:46.815-05:00&amp#27;[0;39m &amp#27;[32m INFO&amp#27;[0;39m &amp#27;[35m97755&amp#27;[0;39m &amp#27;[2m---&amp#27;[0;39m &amp#27;[2m[lab-e2e-03] [           main]&amp#27;[0;39m &amp#27;[2m&amp#27;[0;39m&amp#27;[36mbeddedDataSourceBeanFactoryPostProcessor&amp#27;[0;39m &amp#27;[2m:&amp#27;[0;39m Replacing 'dataSource' DataSource bean with embedded version
&amp#27;[2m2024-05-07T14:18:46.824-05:00&amp#27;[0;39m &amp#27;[32m INFO&amp#27;[0;39m &amp#27;[35m97755&amp#27;[0;39m &amp#27;[2m---&amp#27;[0;39m &amp#27;[2m[lab-e2e-03] [           main]&amp#27;[0;39m &amp#27;[2m&amp#27;[0;39m&amp#27;[36mo.s.j.d.e.EmbeddedDatabaseFactory       &amp#27;[0;39m &amp#27;[2m:&amp#27;[0;39m Starting embedded database: url='jdbc:h2:mem:a95f9ab6-beef-495e-beb8-734e26ebf9d9;DB_CLOSE_DELAY=-1;DB_CLOSE_ON_EXIT=false', username='sa'
&amp#27;[2m2024-05-07T14:18:46.833-05:00&amp#27;[0;39m &amp#27;[32m INFO&amp#27;[0;39m &amp#27;[35m97755&amp#27;[0;39m &amp#27;[2m---&amp#27;[0;39m &amp#27;[2m[lab-e2e-03] [           main]&amp#27;[0;39m &amp#27;[2m&amp#27;[0;39m&amp#27;[36mo.hibernate.jpa.internal.util.LogHelper &amp#27;[0;39m &amp#27;[2m:&amp#27;[0;39m HHH000204: Processing PersistenceUnitInfo [name: default]
&amp#27;[2m2024-05-07T14:18:46.834-05:00&amp#27;[0;39m &amp#27;[32m INFO&amp#27;[0;39m &amp#27;[35m97755&amp#27;[0;39m &amp#27;[2m---&amp#27;[0;39m &amp#27;[2m[lab-e2e-03] [           main]&amp#27;[0;39m &amp#27;[2m&amp#27;[0;39m&amp#27;[36mo.h.c.internal.RegionFactoryInitiator   &amp#27;[0;39m &amp#27;[2m:&amp#27;[0;39m HHH000026: Second-level cache disabled
&amp#27;[2m2024-05-07T14:18:46.837-05:00&amp#27;[0;39m &amp#27;[32m INFO&amp#27;[0;39m &amp#27;[35m97755&amp#27;[0;39m &amp#27;[2m---&amp#27;[0;39m &amp#27;[2m[lab-e2e-03] [           main]&amp#27;[0;39m &amp#27;[2m&amp#27;[0;39m&amp#27;[36mo.s.o.j.p.SpringPersistenceUnitInfo     &amp#27;[0;39m &amp#27;[2m:&amp#27;[0;39m No LoadTimeWeaver setup: ignoring JPA class transformer
&amp#27;[2m2024-05-07T14:18:46.891-05:00&amp#27;[0;39m &amp#27;[32m INFO&amp#27;[0;39m &amp#27;[35m97755&amp#27;[0;39m &amp#27;[2m---&amp#27;[0;39m &amp#27;[2m[lab-e2e-03] [           main]&amp#27;[0;39m &amp#27;[2m&amp#27;[0;39m&amp#27;[36mo.h.e.t.j.p.i.JtaPlatformInitiator      &amp#27;[0;39m &amp#27;[2m:&amp#27;[0;39m HHH000489: No JTA platform available (set 'hibernate.transaction.jta.platform' to enable JTA platform integration)
Hibernate: drop table if exists coordinate cascade 
Hibernate: drop table if exists driver cascade 
Hibernate: drop table if exists passenger cascade 
Hibernate: drop table if exists review cascade 
Hibernate: drop table if exists ride cascade 
Hibernate: drop table if exists user_location cascade 
Hibernate: drop table if exists users cascade 
Hibernate: drop table if exists vehicle cascade 
Hibernate: drop sequence if exists users_seq
Hibernate: create sequence users_seq start with 1 increment by 50
Hibernate: create table coordinate (latitude float(53) not null, longitude float(53) not null, id bigint generated by default as identity, primary key (id))
Hibernate: create table driver (category tinyint not null check (category between 0 and 2), coordinate_id bigint not null unique, id bigint not null, vehicle_id bigint not null unique, primary key (id))
Hibernate: create table passenger (id bigint not null, primary key (id))
Hibernate: create table review (rating integer not null, author_id bigint, id bigint generated by default as identity, ride_id bigint unique, target_id bigint, comment varchar(255), primary key (id))
Hibernate: create table ride (price float(53) not null, status tinyint not null check (status between 0 and 4), arrival_date timestamp(6), departure_date timestamp(6), destination_coordinates_id bigint unique, driver_id bigint, id bigint generated by default as identity, origin_coordinates_id bigint unique, passenger_id bigint, destination_name varchar(255) not null, origin_name varchar(255) not null, primary key (id))
Hibernate: create table user_location (coordinate_id bigint not null, passenger_id bigint not null, description varchar(255) not null, primary key (coordinate_id, passenger_id))
Hibernate: create table users (avg_rating float default 0, role tinyint not null check (role between 0 and 2), trips integer default 0, created_at timestamp(6) with time zone not null, id bigint not null, updated_at timestamp(6) with time zone, email varchar(255) not null, first_name varchar(255) not null, last_name varchar(255) not null, password varchar(255) not null, phone_number varchar(255) not null, primary key (id))
Hibernate: create table vehicle (capacity integer not null, fabrication_year integer not null, id bigint generated by default as identity, brand varchar(255) not null, license_plate varchar(255) not null unique, model varchar(255) not null, primary key (id))
Hibernate: alter table if exists driver add constraint FKcetpj2pfiwolmcelqb6vjt93g foreign key (coordinate_id) references coordinate
Hibernate: alter table if exists driver add constraint FKjvtsi9cks0ah62ffq4ilpi8oj foreign key (vehicle_id) references vehicle
Hibernate: alter table if exists driver add constraint FKf3lot723ogx3kvhe7aky9c9g3 foreign key (id) references users
Hibernate: alter table if exists passenger add constraint FKgv9n67e9n8651r07qhf8qv8m3 foreign key (id) references users
Hibernate: alter table if exists review add constraint FK9o91rotu09ywxerf1evksnxhd foreign key (author_id) references users
Hibernate: alter table if exists review add constraint FK7x1lxb54nj03cylb7c1d1yoyt foreign key (ride_id) references ride
Hibernate: alter table if exists review add constraint FKgl80drgmr1ssg0rrt3sn9v1mm foreign key (target_id) references users
Hibernate: alter table if exists ride add constraint FKjul90syqqhks11eup312des4d foreign key (destination_coordinates_id) references coordinate
Hibernate: alter table if exists ride add constraint FKo12dq19jo25foqggvedgvaa0p foreign key (driver_id) references driver
Hibernate: alter table if exists ride add constraint FKo1qb0m0a253ppyrahgg6l03vy foreign key (origin_coordinates_id) references coordinate
Hibernate: alter table if exists ride add constraint FK9ijti1ms6rql4c7i8lny2ube3 foreign key (passenger_id) references passenger
Hibernate: alter table if exists user_location add constraint FK5rwhf2pcwqmlooo0263ilqcyr foreign key (coordinate_id) references coordinate
Hibernate: alter table if exists user_location add constraint FK5i20wmntqc58vadrwb0x0cy6e foreign key (passenger_id) references passenger
&amp#27;[2m2024-05-07T14:18:46.902-05:00&amp#27;[0;39m &amp#27;[32m INFO&amp#27;[0;39m &amp#27;[35m97755&amp#27;[0;39m &amp#27;[2m---&amp#27;[0;39m &amp#27;[2m[lab-e2e-03] [           main]&amp#27;[0;39m &amp#27;[2m&amp#27;[0;39m&amp#27;[36mj.LocalContainerEntityManagerFactoryBean&amp#27;[0;39m &amp#27;[2m:&amp#27;[0;39m Initialized JPA EntityManagerFactory for persistence unit 'default'
&amp#27;[2m2024-05-07T14:18:46.952-05:00&amp#27;[0;39m &amp#27;[32m INFO&amp#27;[0;39m &amp#27;[35m97755&amp#27;[0;39m &amp#27;[2m---&amp#27;[0;39m &amp#27;[2m[lab-e2e-03] [           main]&amp#27;[0;39m &amp#27;[2m&amp#27;[0;39m&amp#27;[36mo.e.l.r.i.RideRepositoryTest            &amp#27;[0;39m &amp#27;[2m:&amp#27;[0;39m Started RideRepositoryTest in 0.19 seconds (process running for 2.604)
Hibernate: select next value for users_seq
Hibernate: insert into users (avg_rating,created_at,email,first_name,last_name,password,phone_number,role,trips,updated_at,id) values (?,?,?,?,?,?,?,?,?,?,?)
Hibernate: insert into passenger (id) values (?)
Hibernate: insert into vehicle (brand,capacity,fabrication_year,license_plate,model,id) values (?,?,?,?,?,default)
Hibernate: select next value for users_seq
Hibernate: insert into coordinate (latitude,longitude,id) values (?,?,default)
Hibernate: insert into users (avg_rating,created_at,email,first_name,last_name,password,phone_number,role,trips,updated_at,id) values (?,?,?,?,?,?,?,?,?,?,?)
Hibernate: insert into driver (category,coordinate_id,vehicle_id,id) values (?,?,?,?)
Hibernate: insert into coordinate (latitude,longitude,id) values (?,?,default)
Hibernate: insert into coordinate (latitude,longitude,id) values (?,?,default)
Hibernate: insert into ride (arrival_date,departure_date,destination_coordinates_id,destination_name,driver_id,origin_coordinates_id,origin_name,passenger_id,price,status,id) values (?,?,?,?,?,?,?,?,?,?,default)
Hibernate: insert into coordinate (latitude,longitude,id) values (?,?,default)
Hibernate: insert into coordinate (latitude,longitude,id) values (?,?,default)
Hibernate: insert into ride (arrival_date,departure_date,destination_coordinates_id,destination_name,driver_id,origin_coordinates_id,origin_name,passenger_id,price,status,id) values (?,?,?,?,?,?,?,?,?,?,default)
Hibernate: insert into coordinate (latitude,longitude,id) values (?,?,default)
Hibernate: insert into coordinate (latitude,longitude,id) values (?,?,default)
Hibernate: insert into ride (arrival_date,departure_date,destination_coordinates_id,destination_name,driver_id,origin_coordinates_id,origin_name,passenger_id,price,status,id) values (?,?,?,?,?,?,?,?,?,?,default)
Hibernate: insert into coordinate (latitude,longitude,id) values (?,?,default)
Hibernate: insert into coordinate (latitude,longitude,id) values (?,?,default)
Hibernate: insert into ride (arrival_date,departure_date,destination_coordinates_id,destination_name,driver_id,origin_coordinates_id,origin_name,passenger_id,price,status,id) values (?,?,?,?,?,?,?,?,?,?,default)
Hibernate: insert into coordinate (latitude,longitude,id) values (?,?,default)
Hibernate: insert into coordinate (latitude,longitude,id) values (?,?,default)
Hibernate: insert into ride (arrival_date,departure_date,destination_coordinates_id,destination_name,driver_id,origin_coordinates_id,origin_name,passenger_id,price,status,id) values (?,?,?,?,?,?,?,?,?,?,default)
Hibernate: select r1_0.id,r1_0.arrival_date,r1_0.departure_date,r1_0.destination_coordinates_id,r1_0.destination_name,r1_0.driver_id,r1_0.origin_coordinates_id,r1_0.origin_name,r1_0.passenger_id,r1_0.price,r1_0.status from ride r1_0 left join passenger p1_0 on p1_0.id=r1_0.passenger_id where p1_0.id=? and r1_0.status=? offset ? rows fetch first ? rows only
]]></system-out>
  </testcase>
  <testcase name="testFindById" classname="org.e2e.labe2e03.ride.infrastructure.RideRepositoryTest" time="0.007">
    <system-out><![CDATA[Hibernate: insert into users (avg_rating,created_at,email,first_name,last_name,password,phone_number,role,trips,updated_at,id) values (?,?,?,?,?,?,?,?,?,?,?)
Hibernate: insert into passenger (id) values (?)
Hibernate: insert into vehicle (brand,capacity,fabrication_year,license_plate,model,id) values (?,?,?,?,?,default)
Hibernate: insert into coordinate (latitude,longitude,id) values (?,?,default)
Hibernate: insert into users (avg_rating,created_at,email,first_name,last_name,password,phone_number,role,trips,updated_at,id) values (?,?,?,?,?,?,?,?,?,?,?)
Hibernate: insert into driver (category,coordinate_id,vehicle_id,id) values (?,?,?,?)
Hibernate: insert into coordinate (latitude,longitude,id) values (?,?,default)
Hibernate: insert into coordinate (latitude,longitude,id) values (?,?,default)
Hibernate: insert into ride (arrival_date,departure_date,destination_coordinates_id,destination_name,driver_id,origin_coordinates_id,origin_name,passenger_id,price,status,id) values (?,?,?,?,?,?,?,?,?,?,default)
Hibernate: insert into coordinate (latitude,longitude,id) values (?,?,default)
Hibernate: insert into coordinate (latitude,longitude,id) values (?,?,default)
Hibernate: insert into ride (arrival_date,departure_date,destination_coordinates_id,destination_name,driver_id,origin_coordinates_id,origin_name,passenger_id,price,status,id) values (?,?,?,?,?,?,?,?,?,?,default)
Hibernate: insert into coordinate (latitude,longitude,id) values (?,?,default)
Hibernate: insert into coordinate (latitude,longitude,id) values (?,?,default)
Hibernate: insert into ride (arrival_date,departure_date,destination_coordinates_id,destination_name,driver_id,origin_coordinates_id,origin_name,passenger_id,price,status,id) values (?,?,?,?,?,?,?,?,?,?,default)
Hibernate: insert into coordinate (latitude,longitude,id) values (?,?,default)
Hibernate: insert into coordinate (latitude,longitude,id) values (?,?,default)
Hibernate: insert into ride (arrival_date,departure_date,destination_coordinates_id,destination_name,driver_id,origin_coordinates_id,origin_name,passenger_id,price,status,id) values (?,?,?,?,?,?,?,?,?,?,default)
Hibernate: insert into coordinate (latitude,longitude,id) values (?,?,default)
Hibernate: insert into coordinate (latitude,longitude,id) values (?,?,default)
Hibernate: insert into ride (arrival_date,departure_date,destination_coordinates_id,destination_name,driver_id,origin_coordinates_id,origin_name,passenger_id,price,status,id) values (?,?,?,?,?,?,?,?,?,?,default)
Hibernate: insert into coordinate (latitude,longitude,id) values (?,?,default)
Hibernate: insert into coordinate (latitude,longitude,id) values (?,?,default)
Hibernate: insert into ride (arrival_date,departure_date,destination_coordinates_id,destination_name,driver_id,origin_coordinates_id,origin_name,passenger_id,price,status,id) values (?,?,?,?,?,?,?,?,?,?,default)
]]></system-out>
  </testcase>
  <testcase name="testCreateRide" classname="org.e2e.labe2e03.ride.infrastructure.RideRepositoryTest" time="0.007">
    <system-out><![CDATA[Hibernate: insert into users (avg_rating,created_at,email,first_name,last_name,password,phone_number,role,trips,updated_at,id) values (?,?,?,?,?,?,?,?,?,?,?)
Hibernate: insert into passenger (id) values (?)
Hibernate: insert into vehicle (brand,capacity,fabrication_year,license_plate,model,id) values (?,?,?,?,?,default)
Hibernate: insert into coordinate (latitude,longitude,id) values (?,?,default)
Hibernate: insert into users (avg_rating,created_at,email,first_name,last_name,password,phone_number,role,trips,updated_at,id) values (?,?,?,?,?,?,?,?,?,?,?)
Hibernate: insert into driver (category,coordinate_id,vehicle_id,id) values (?,?,?,?)
Hibernate: insert into coordinate (latitude,longitude,id) values (?,?,default)
Hibernate: insert into coordinate (latitude,longitude,id) values (?,?,default)
Hibernate: insert into ride (arrival_date,departure_date,destination_coordinates_id,destination_name,driver_id,origin_coordinates_id,origin_name,passenger_id,price,status,id) values (?,?,?,?,?,?,?,?,?,?,default)
Hibernate: insert into coordinate (latitude,longitude,id) values (?,?,default)
Hibernate: insert into coordinate (latitude,longitude,id) values (?,?,default)
Hibernate: insert into ride (arrival_date,departure_date,destination_coordinates_id,destination_name,driver_id,origin_coordinates_id,origin_name,passenger_id,price,status,id) values (?,?,?,?,?,?,?,?,?,?,default)
Hibernate: insert into coordinate (latitude,longitude,id) values (?,?,default)
Hibernate: insert into coordinate (latitude,longitude,id) values (?,?,default)
Hibernate: insert into ride (arrival_date,departure_date,destination_coordinates_id,destination_name,driver_id,origin_coordinates_id,origin_name,passenger_id,price,status,id) values (?,?,?,?,?,?,?,?,?,?,default)
Hibernate: insert into coordinate (latitude,longitude,id) values (?,?,default)
Hibernate: insert into coordinate (latitude,longitude,id) values (?,?,default)
Hibernate: insert into ride (arrival_date,departure_date,destination_coordinates_id,destination_name,driver_id,origin_coordinates_id,origin_name,passenger_id,price,status,id) values (?,?,?,?,?,?,?,?,?,?,default)
Hibernate: insert into coordinate (latitude,longitude,id) values (?,?,default)
Hibernate: insert into coordinate (latitude,longitude,id) values (?,?,default)
Hibernate: insert into ride (arrival_date,departure_date,destination_coordinates_id,destination_name,driver_id,origin_coordinates_id,origin_name,passenger_id,price,status,id) values (?,?,?,?,?,?,?,?,?,?,default)
Hibernate: insert into coordinate (latitude,longitude,id) values (?,?,default)
Hibernate: insert into coordinate (latitude,longitude,id) values (?,?,default)
Hibernate: insert into ride (arrival_date,departure_date,destination_coordinates_id,destination_name,driver_id,origin_coordinates_id,origin_name,passenger_id,price,status,id) values (?,?,?,?,?,?,?,?,?,?,default)
]]></system-out>
  </testcase>
  <testcase name="testFindAllByArrivalDateAndDestinationCoordinates" classname="org.e2e.labe2e03.ride.infrastructure.RideRepositoryTest" time="0.018">
    <system-out><![CDATA[Hibernate: insert into users (avg_rating,created_at,email,first_name,last_name,password,phone_number,role,trips,updated_at,id) values (?,?,?,?,?,?,?,?,?,?,?)
Hibernate: insert into passenger (id) values (?)
Hibernate: insert into vehicle (brand,capacity,fabrication_year,license_plate,model,id) values (?,?,?,?,?,default)
Hibernate: insert into coordinate (latitude,longitude,id) values (?,?,default)
Hibernate: insert into users (avg_rating,created_at,email,first_name,last_name,password,phone_number,role,trips,updated_at,id) values (?,?,?,?,?,?,?,?,?,?,?)
Hibernate: insert into driver (category,coordinate_id,vehicle_id,id) values (?,?,?,?)
Hibernate: insert into coordinate (latitude,longitude,id) values (?,?,default)
Hibernate: insert into coordinate (latitude,longitude,id) values (?,?,default)
Hibernate: insert into ride (arrival_date,departure_date,destination_coordinates_id,destination_name,driver_id,origin_coordinates_id,origin_name,passenger_id,price,status,id) values (?,?,?,?,?,?,?,?,?,?,default)
Hibernate: insert into coordinate (latitude,longitude,id) values (?,?,default)
Hibernate: insert into coordinate (latitude,longitude,id) values (?,?,default)
Hibernate: insert into ride (arrival_date,departure_date,destination_coordinates_id,destination_name,driver_id,origin_coordinates_id,origin_name,passenger_id,price,status,id) values (?,?,?,?,?,?,?,?,?,?,default)
Hibernate: insert into coordinate (latitude,longitude,id) values (?,?,default)
Hibernate: insert into coordinate (latitude,longitude,id) values (?,?,default)
Hibernate: insert into ride (arrival_date,departure_date,destination_coordinates_id,destination_name,driver_id,origin_coordinates_id,origin_name,passenger_id,price,status,id) values (?,?,?,?,?,?,?,?,?,?,default)
Hibernate: insert into coordinate (latitude,longitude,id) values (?,?,default)
Hibernate: insert into coordinate (latitude,longitude,id) values (?,?,default)
Hibernate: insert into ride (arrival_date,departure_date,destination_coordinates_id,destination_name,driver_id,origin_coordinates_id,origin_name,passenger_id,price,status,id) values (?,?,?,?,?,?,?,?,?,?,default)
Hibernate: insert into coordinate (latitude,longitude,id) values (?,?,default)
Hibernate: insert into coordinate (latitude,longitude,id) values (?,?,default)
Hibernate: insert into ride (arrival_date,departure_date,destination_coordinates_id,destination_name,driver_id,origin_coordinates_id,origin_name,passenger_id,price,status,id) values (?,?,?,?,?,?,?,?,?,?,default)
Hibernate: insert into coordinate (latitude,longitude,id) values (?,?,default)
Hibernate: insert into coordinate (latitude,longitude,id) values (?,?,default)
Hibernate: insert into ride (arrival_date,departure_date,destination_coordinates_id,destination_name,driver_id,origin_coordinates_id,origin_name,passenger_id,price,status,id) values (?,?,?,?,?,?,?,?,?,?,default)
Hibernate: select r1_0.id,r1_0.arrival_date,r1_0.departure_date,r1_0.destination_coordinates_id,r1_0.destination_name,r1_0.driver_id,r1_0.origin_coordinates_id,r1_0.origin_name,r1_0.passenger_id,r1_0.price,r1_0.status from ride r1_0 where r1_0.arrival_date=? and r1_0.destination_coordinates_id=?
]]></system-out>
  </testcase>
  <testcase name="testDeleteById" classname="org.e2e.labe2e03.ride.infrastructure.RideRepositoryTest" time="0.009">
    <system-out><![CDATA[Hibernate: insert into users (avg_rating,created_at,email,first_name,last_name,password,phone_number,role,trips,updated_at,id) values (?,?,?,?,?,?,?,?,?,?,?)
Hibernate: insert into passenger (id) values (?)
Hibernate: insert into vehicle (brand,capacity,fabrication_year,license_plate,model,id) values (?,?,?,?,?,default)
Hibernate: insert into coordinate (latitude,longitude,id) values (?,?,default)
Hibernate: insert into users (avg_rating,created_at,email,first_name,last_name,password,phone_number,role,trips,updated_at,id) values (?,?,?,?,?,?,?,?,?,?,?)
Hibernate: insert into driver (category,coordinate_id,vehicle_id,id) values (?,?,?,?)
Hibernate: insert into coordinate (latitude,longitude,id) values (?,?,default)
Hibernate: insert into coordinate (latitude,longitude,id) values (?,?,default)
Hibernate: insert into ride (arrival_date,departure_date,destination_coordinates_id,destination_name,driver_id,origin_coordinates_id,origin_name,passenger_id,price,status,id) values (?,?,?,?,?,?,?,?,?,?,default)
Hibernate: insert into coordinate (latitude,longitude,id) values (?,?,default)
Hibernate: insert into coordinate (latitude,longitude,id) values (?,?,default)
Hibernate: insert into ride (arrival_date,departure_date,destination_coordinates_id,destination_name,driver_id,origin_coordinates_id,origin_name,passenger_id,price,status,id) values (?,?,?,?,?,?,?,?,?,?,default)
Hibernate: insert into coordinate (latitude,longitude,id) values (?,?,default)
Hibernate: insert into coordinate (latitude,longitude,id) values (?,?,default)
Hibernate: insert into ride (arrival_date,departure_date,destination_coordinates_id,destination_name,driver_id,origin_coordinates_id,origin_name,passenger_id,price,status,id) values (?,?,?,?,?,?,?,?,?,?,default)
Hibernate: insert into coordinate (latitude,longitude,id) values (?,?,default)
Hibernate: insert into coordinate (latitude,longitude,id) values (?,?,default)
Hibernate: insert into ride (arrival_date,departure_date,destination_coordinates_id,destination_name,driver_id,origin_coordinates_id,origin_name,passenger_id,price,status,id) values (?,?,?,?,?,?,?,?,?,?,default)
Hibernate: insert into coordinate (latitude,longitude,id) values (?,?,default)
Hibernate: insert into coordinate (latitude,longitude,id) values (?,?,default)
Hibernate: insert into ride (arrival_date,departure_date,destination_coordinates_id,destination_name,driver_id,origin_coordinates_id,origin_name,passenger_id,price,status,id) values (?,?,?,?,?,?,?,?,?,?,default)
Hibernate: insert into coordinate (latitude,longitude,id) values (?,?,default)
Hibernate: insert into coordinate (latitude,longitude,id) values (?,?,default)
Hibernate: insert into ride (arrival_date,departure_date,destination_coordinates_id,destination_name,driver_id,origin_coordinates_id,origin_name,passenger_id,price,status,id) values (?,?,?,?,?,?,?,?,?,?,default)
]]></system-out>
  </testcase>
</testsuite>